{"/Users/mikitapilets/Documents/dev/blogging-platform-api/src/app.ts": {"path":"/Users/mikitapilets/Documents/dev/blogging-platform-api/src/app.ts","statementMap":{"0":{"start":{"line":1,"column":0},"end":{"line":1,"column":30}},"1":{"start":{"line":2,"column":0},"end":{"line":2,"column":45}},"2":{"start":{"line":3,"column":0},"end":{"line":3,"column":57}},"3":{"start":{"line":5,"column":12},"end":{"line":5,"column":21}},"4":{"start":{"line":7,"column":0},"end":{"line":7,"column":24}},"5":{"start":{"line":9,"column":0},"end":{"line":9,"column":30}},"6":{"start":{"line":11,"column":0},"end":{"line":11,"column":22}},"7":{"start":{"line":13,"column":0},"end":{"line":13,"column":19}}},"fnMap":{},"branchMap":{},"s":{"0":1,"1":1,"2":1,"3":1,"4":1,"5":1,"6":1,"7":1},"f":{},"b":{}}
,"/Users/mikitapilets/Documents/dev/blogging-platform-api/src/controllers/postController.ts": {"path":"/Users/mikitapilets/Documents/dev/blogging-platform-api/src/controllers/postController.ts","statementMap":{"0":{"start":{"line":2,"column":0},"end":{"line":2,"column":34}},"1":{"start":{"line":3,"column":0},"end":{"line":3,"column":53}},"2":{"start":{"line":4,"column":0},"end":{"line":4,"column":45}},"3":{"start":{"line":6,"column":13},"end":{"line":17,"column":3}},"4":{"start":{"line":7,"column":45},"end":{"line":7,"column":53}},"5":{"start":{"line":9,"column":2},"end":{"line":12,"column":3}},"6":{"start":{"line":10,"column":4},"end":{"line":10,"column":20}},"7":{"start":{"line":11,"column":4},"end":{"line":11,"column":64}},"8":{"start":{"line":14,"column":15},"end":{"line":14,"column":68}},"9":{"start":{"line":16,"column":2},"end":{"line":16,"column":29}},"10":{"start":{"line":19,"column":13},"end":{"line":36,"column":3}},"11":{"start":{"line":20,"column":19},"end":{"line":20,"column":28}},"12":{"start":{"line":22,"column":15},"end":{"line":22,"column":17}},"13":{"start":{"line":24,"column":2},"end":{"line":32,"column":3}},"14":{"start":{"line":25,"column":4},"end":{"line":31,"column":6}},"15":{"start":{"line":34,"column":16},"end":{"line":34,"column":39}},"16":{"start":{"line":35,"column":2},"end":{"line":35,"column":30}},"17":{"start":{"line":38,"column":13},"end":{"line":48,"column":3}},"18":{"start":{"line":39,"column":17},"end":{"line":39,"column":27}},"19":{"start":{"line":41,"column":15},"end":{"line":41,"column":38}},"20":{"start":{"line":43,"column":2},"end":{"line":45,"column":3}},"21":{"start":{"line":44,"column":4},"end":{"line":44,"column":46}},"22":{"start":{"line":47,"column":2},"end":{"line":47,"column":29}},"23":{"start":{"line":50,"column":13},"end":{"line":71,"column":3}},"24":{"start":{"line":51,"column":17},"end":{"line":51,"column":27}},"25":{"start":{"line":52,"column":45},"end":{"line":52,"column":53}},"26":{"start":{"line":54,"column":2},"end":{"line":57,"column":3}},"27":{"start":{"line":55,"column":4},"end":{"line":55,"column":20}},"28":{"start":{"line":56,"column":4},"end":{"line":56,"column":64}},"29":{"start":{"line":59,"column":22},"end":{"line":62,"column":null}},"30":{"start":{"line":65,"column":2},"end":{"line":68,"column":3}},"31":{"start":{"line":66,"column":4},"end":{"line":66,"column":20}},"32":{"start":{"line":67,"column":4},"end":{"line":67,"column":38}},"33":{"start":{"line":70,"column":2},"end":{"line":70,"column":36}},"34":{"start":{"line":73,"column":13},"end":{"line":84,"column":3}},"35":{"start":{"line":74,"column":17},"end":{"line":74,"column":27}},"36":{"start":{"line":76,"column":22},"end":{"line":76,"column":54}},"37":{"start":{"line":78,"column":2},"end":{"line":81,"column":3}},"38":{"start":{"line":79,"column":4},"end":{"line":79,"column":20}},"39":{"start":{"line":80,"column":4},"end":{"line":80,"column":38}},"40":{"start":{"line":83,"column":2},"end":{"line":83,"column":25}}},"fnMap":{"0":{"name":"(anonymous_1)","decl":{"start":{"line":6,"column":39},"end":{"line":6,"column":44}},"loc":{"start":{"line":6,"column":77},"end":{"line":17,"column":1}}},"1":{"name":"(anonymous_2)","decl":{"start":{"line":19,"column":37},"end":{"line":19,"column":42}},"loc":{"start":{"line":19,"column":75},"end":{"line":36,"column":1}}},"2":{"name":"(anonymous_3)","decl":{"start":{"line":38,"column":40},"end":{"line":38,"column":45}},"loc":{"start":{"line":38,"column":78},"end":{"line":48,"column":1}}},"3":{"name":"(anonymous_4)","decl":{"start":{"line":50,"column":39},"end":{"line":50,"column":44}},"loc":{"start":{"line":50,"column":77},"end":{"line":71,"column":1}}},"4":{"name":"(anonymous_5)","decl":{"start":{"line":73,"column":39},"end":{"line":73,"column":44}},"loc":{"start":{"line":73,"column":77},"end":{"line":84,"column":1}}}},"branchMap":{"0":{"loc":{"start":{"line":9,"column":2},"end":{"line":12,"column":3}},"type":"if","locations":[{"start":{"line":9,"column":2},"end":{"line":12,"column":3}},{"start":{},"end":{}}]},"1":{"loc":{"start":{"line":9,"column":6},"end":{"line":9,"column":37}},"type":"binary-expr","locations":[{"start":{"line":9,"column":6},"end":{"line":9,"column":12}},{"start":{"line":9,"column":16},"end":{"line":9,"column":24}},{"start":{"line":9,"column":28},"end":{"line":9,"column":37}}]},"2":{"loc":{"start":{"line":24,"column":2},"end":{"line":32,"column":3}},"type":"if","locations":[{"start":{"line":24,"column":2},"end":{"line":32,"column":3}},{"start":{},"end":{}}]},"3":{"loc":{"start":{"line":43,"column":2},"end":{"line":45,"column":3}},"type":"if","locations":[{"start":{"line":43,"column":2},"end":{"line":45,"column":3}},{"start":{},"end":{}}]},"4":{"loc":{"start":{"line":54,"column":2},"end":{"line":57,"column":3}},"type":"if","locations":[{"start":{"line":54,"column":2},"end":{"line":57,"column":3}},{"start":{},"end":{}}]},"5":{"loc":{"start":{"line":54,"column":6},"end":{"line":54,"column":37}},"type":"binary-expr","locations":[{"start":{"line":54,"column":6},"end":{"line":54,"column":12}},{"start":{"line":54,"column":16},"end":{"line":54,"column":24}},{"start":{"line":54,"column":28},"end":{"line":54,"column":37}}]},"6":{"loc":{"start":{"line":65,"column":2},"end":{"line":68,"column":3}},"type":"if","locations":[{"start":{"line":65,"column":2},"end":{"line":68,"column":3}},{"start":{},"end":{}}]},"7":{"loc":{"start":{"line":78,"column":2},"end":{"line":81,"column":3}},"type":"if","locations":[{"start":{"line":78,"column":2},"end":{"line":81,"column":3}},{"start":{},"end":{}}]}},"s":{"0":1,"1":1,"2":1,"3":1,"4":1,"5":1,"6":0,"7":0,"8":1,"9":1,"10":1,"11":2,"12":2,"13":2,"14":1,"15":2,"16":2,"17":1,"18":2,"19":2,"20":2,"21":1,"22":1,"23":1,"24":1,"25":1,"26":1,"27":0,"28":0,"29":1,"30":1,"31":0,"32":0,"33":1,"34":1,"35":1,"36":1,"37":1,"38":0,"39":0,"40":1},"f":{"0":1,"1":2,"2":2,"3":1,"4":1},"b":{"0":[0,1],"1":[1,1,1],"2":[1,1],"3":[1,1],"4":[0,1],"5":[1,1,1],"6":[0,1],"7":[0,1]}}
,"/Users/mikitapilets/Documents/dev/blogging-platform-api/src/middleware/errorHandler.ts": {"path":"/Users/mikitapilets/Documents/dev/blogging-platform-api/src/middleware/errorHandler.ts","statementMap":{"0":{"start":{"line":3,"column":28},"end":{"line":17,"column":1}},"1":{"start":{"line":9,"column":2},"end":{"line":9,"column":21}},"2":{"start":{"line":11,"column":21},"end":{"line":11,"column":42}},"3":{"start":{"line":12,"column":18},"end":{"line":12,"column":56}},"4":{"start":{"line":14,"column":2},"end":{"line":16,"column":5}},"5":{"start":{"line":3,"column":13},"end":{"line":3,"column":28}}},"fnMap":{"0":{"name":"(anonymous_0)","decl":{"start":{"line":3,"column":28},"end":{"line":3,"column":null}},"loc":{"start":{"line":8,"column":4},"end":{"line":17,"column":1}}}},"branchMap":{"0":{"loc":{"start":{"line":11,"column":21},"end":{"line":11,"column":42}},"type":"binary-expr","locations":[{"start":{"line":11,"column":21},"end":{"line":11,"column":35}},{"start":{"line":11,"column":39},"end":{"line":11,"column":42}}]},"1":{"loc":{"start":{"line":12,"column":18},"end":{"line":12,"column":56}},"type":"binary-expr","locations":[{"start":{"line":12,"column":18},"end":{"line":12,"column":29}},{"start":{"line":12,"column":33},"end":{"line":12,"column":56}}]}},"s":{"0":1,"1":1,"2":1,"3":1,"4":1,"5":1},"f":{"0":1},"b":{"0":[1,0],"1":[1,0]}}
,"/Users/mikitapilets/Documents/dev/blogging-platform-api/src/middleware/validateRequest.ts": {"path":"/Users/mikitapilets/Documents/dev/blogging-platform-api/src/middleware/validateRequest.ts","statementMap":{"0":{"start":{"line":5,"column":2},"end":{"line":17,"column":3}},"1":{"start":{"line":6,"column":2},"end":{"line":17,"column":3}},"2":{"start":{"line":7,"column":4},"end":{"line":16,"column":5}},"3":{"start":{"line":8,"column":6},"end":{"line":12,"column":9}},"4":{"start":{"line":13,"column":6},"end":{"line":13,"column":13}},"5":{"start":{"line":15,"column":6},"end":{"line":15,"column":74}},"6":{"start":{"line":4,"column":13},"end":{"line":4,"column":null}}},"fnMap":{"0":{"name":"(anonymous_0)","decl":{"start":{"line":5,"column":2},"end":{"line":5,"column":3}},"loc":{"start":{"line":6,"column":2},"end":{"line":17,"column":3}}},"1":{"name":"(anonymous_1)","decl":{"start":{"line":6,"column":2},"end":{"line":6,"column":3}},"loc":{"start":{"line":6,"column":54},"end":{"line":17,"column":3}}}},"branchMap":{"0":{"loc":{"start":{"line":15,"column":45},"end":{"line":15,"column":70}},"type":"binary-expr","locations":[{"start":{"line":15,"column":45},"end":{"line":15,"column":55}},{"start":{"line":15,"column":59},"end":{"line":15,"column":70}}]}},"s":{"0":1,"1":4,"2":7,"3":7,"4":5,"5":2,"6":1},"f":{"0":4,"1":7},"b":{"0":[2,2]}}
,"/Users/mikitapilets/Documents/dev/blogging-platform-api/src/models/Post.ts": {"path":"/Users/mikitapilets/Documents/dev/blogging-platform-api/src/models/Post.ts","statementMap":{"0":{"start":{"line":1,"column":0},"end":{"line":1,"column":54}},"1":{"start":{"line":12,"column":27},"end":{"line":35,"column":null}},"2":{"start":{"line":38,"column":0},"end":{"line":38,"column":57}}},"fnMap":{},"branchMap":{},"s":{"0":1,"1":1,"2":1},"f":{},"b":{}}
,"/Users/mikitapilets/Documents/dev/blogging-platform-api/src/routes/postRoutes.ts": {"path":"/Users/mikitapilets/Documents/dev/blogging-platform-api/src/routes/postRoutes.ts","statementMap":{"0":{"start":{"line":1,"column":0},"end":{"line":1,"column":33}},"1":{"start":{"line":2,"column":0},"end":{"line":2,"column":null}},"2":{"start":{"line":9,"column":0},"end":{"line":9,"column":64}},"3":{"start":{"line":10,"column":0},"end":{"line":10,"column":null}},"4":{"start":{"line":17,"column":15},"end":{"line":17,"column":23}},"5":{"start":{"line":19,"column":0},"end":{"line":19,"column":64}},"6":{"start":{"line":21,"column":0},"end":{"line":21,"column":26}},"7":{"start":{"line":23,"column":0},"end":{"line":23,"column":64}},"8":{"start":{"line":25,"column":0},"end":{"line":25,"column":66}},"9":{"start":{"line":27,"column":0},"end":{"line":27,"column":69}},"10":{"start":{"line":29,"column":0},"end":{"line":29,"column":22}}},"fnMap":{},"branchMap":{},"s":{"0":1,"1":1,"2":1,"3":1,"4":1,"5":1,"6":1,"7":1,"8":1,"9":1,"10":1},"f":{},"b":{}}
,"/Users/mikitapilets/Documents/dev/blogging-platform-api/src/schemas/postSchema.ts": {"path":"/Users/mikitapilets/Documents/dev/blogging-platform-api/src/schemas/postSchema.ts","statementMap":{"0":{"start":{"line":1,"column":0},"end":{"line":1,"column":24}},"1":{"start":{"line":2,"column":0},"end":{"line":2,"column":32}},"2":{"start":{"line":4,"column":17},"end":{"line":9,"column":6}},"3":{"start":{"line":5,"column":2},"end":{"line":9,"column":6}},"4":{"start":{"line":7,"column":21},"end":{"line":7,"column":57}},"5":{"start":{"line":11,"column":13},"end":{"line":18,"column":3}},"6":{"start":{"line":20,"column":13},"end":{"line":30,"column":3}},"7":{"start":{"line":32,"column":13},"end":{"line":36,"column":3}},"8":{"start":{"line":38,"column":13},"end":{"line":42,"column":3}}},"fnMap":{"0":{"name":"(anonymous_1)","decl":{"start":{"line":4,"column":17},"end":{"line":4,"column":20}},"loc":{"start":{"line":5,"column":2},"end":{"line":9,"column":6}}},"1":{"name":"(anonymous_2)","decl":{"start":{"line":7,"column":12},"end":{"line":7,"column":13}},"loc":{"start":{"line":7,"column":21},"end":{"line":7,"column":57}}}},"branchMap":{},"s":{"0":1,"1":1,"2":1,"3":3,"4":5,"5":1,"6":1,"7":1,"8":1},"f":{"0":3,"1":5},"b":{}}
,"/Users/mikitapilets/Documents/dev/blogging-platform-api/src/utils/ApiError.ts": {"path":"/Users/mikitapilets/Documents/dev/blogging-platform-api/src/utils/ApiError.ts","statementMap":{"0":{"start":{"line":5,"column":4},"end":{"line":5,"column":19}},"1":{"start":{"line":6,"column":4},"end":{"line":6,"column":33}},"2":{"start":{"line":1,"column":0},"end":{"line":1,"column":13}}},"fnMap":{"0":{"name":"(anonymous_0)","decl":{"start":{"line":4,"column":2},"end":{"line":4,"column":14}},"loc":{"start":{"line":4,"column":49},"end":{"line":7,"column":3}}}},"branchMap":{},"s":{"0":1,"1":1,"2":1},"f":{"0":1},"b":{}}
,"/Users/mikitapilets/Documents/dev/blogging-platform-api/src/utils/asyncHandler.ts": {"path":"/Users/mikitapilets/Documents/dev/blogging-platform-api/src/utils/asyncHandler.ts","statementMap":{"0":{"start":{"line":4,"column":2},"end":{"line":7,"column":3}},"1":{"start":{"line":5,"column":2},"end":{"line":7,"column":3}},"2":{"start":{"line":6,"column":4},"end":{"line":6,"column":52}},"3":{"start":{"line":3,"column":13},"end":{"line":3,"column":null}}},"fnMap":{"0":{"name":"(anonymous_0)","decl":{"start":{"line":4,"column":2},"end":{"line":4,"column":3}},"loc":{"start":{"line":5,"column":2},"end":{"line":7,"column":3}}},"1":{"name":"(anonymous_1)","decl":{"start":{"line":5,"column":2},"end":{"line":5,"column":3}},"loc":{"start":{"line":5,"column":54},"end":{"line":7,"column":3}}}},"branchMap":{},"s":{"0":1,"1":5,"2":7,"3":1},"f":{"0":5,"1":7},"b":{}}
}
