TN:
SF:src/app.ts
FNF:0
FNH:0
DA:1,1
DA:2,1
DA:3,1
DA:5,1
DA:7,1
DA:9,1
DA:11,1
DA:13,1
LF:8
LH:8
BRF:0
BRH:0
end_of_record
TN:
SF:src/controllers/postController.ts
FN:6,(anonymous_1)
FN:19,(anonymous_2)
FN:38,(anonymous_3)
FN:50,(anonymous_4)
FN:73,(anonymous_5)
FNF:5
FNH:5
FNDA:1,(anonymous_1)
FNDA:2,(anonymous_2)
FNDA:2,(anonymous_3)
FNDA:1,(anonymous_4)
FNDA:1,(anonymous_5)
DA:2,1
DA:3,1
DA:4,1
DA:6,1
DA:7,1
DA:9,1
DA:10,0
DA:11,0
DA:14,1
DA:16,1
DA:19,1
DA:20,2
DA:22,2
DA:24,2
DA:25,1
DA:34,2
DA:35,2
DA:38,1
DA:39,2
DA:41,2
DA:43,2
DA:44,1
DA:47,1
DA:50,1
DA:51,1
DA:52,1
DA:54,1
DA:55,0
DA:56,0
DA:59,1
DA:65,1
DA:66,0
DA:67,0
DA:70,1
DA:73,1
DA:74,1
DA:76,1
DA:78,1
DA:79,0
DA:80,0
DA:83,1
LF:41
LH:33
BRDA:9,0,0,0
BRDA:9,0,1,1
BRDA:9,1,0,1
BRDA:9,1,1,1
BRDA:9,1,2,1
BRDA:24,2,0,1
BRDA:24,2,1,1
BRDA:43,3,0,1
BRDA:43,3,1,1
BRDA:54,4,0,0
BRDA:54,4,1,1
BRDA:54,5,0,1
BRDA:54,5,1,1
BRDA:54,5,2,1
BRDA:65,6,0,0
BRDA:65,6,1,1
BRDA:78,7,0,0
BRDA:78,7,1,1
BRF:18
BRH:14
end_of_record
TN:
SF:src/middleware/errorHandler.ts
FN:3,(anonymous_0)
FNF:1
FNH:1
FNDA:1,(anonymous_0)
DA:3,1
DA:9,1
DA:11,1
DA:12,1
DA:14,1
LF:5
LH:5
BRDA:11,0,0,1
BRDA:11,0,1,0
BRDA:12,1,0,1
BRDA:12,1,1,0
BRF:4
BRH:2
end_of_record
TN:
SF:src/middleware/validateRequest.ts
FN:5,(anonymous_0)
FN:6,(anonymous_1)
FNF:2
FNH:2
FNDA:4,(anonymous_0)
FNDA:7,(anonymous_1)
DA:4,1
DA:5,1
DA:6,4
DA:7,7
DA:8,7
DA:13,5
DA:15,2
LF:7
LH:7
BRDA:15,0,0,2
BRDA:15,0,1,2
BRF:2
BRH:2
end_of_record
TN:
SF:src/models/Post.ts
FNF:0
FNH:0
DA:1,1
DA:12,1
DA:38,1
LF:3
LH:3
BRF:0
BRH:0
end_of_record
TN:
SF:src/routes/postRoutes.ts
FNF:0
FNH:0
DA:1,1
DA:2,1
DA:9,1
DA:10,1
DA:17,1
DA:19,1
DA:21,1
DA:23,1
DA:25,1
DA:27,1
DA:29,1
LF:11
LH:11
BRF:0
BRH:0
end_of_record
TN:
SF:src/schemas/postSchema.ts
FN:4,(anonymous_1)
FN:7,(anonymous_2)
FNF:2
FNH:2
FNDA:3,(anonymous_1)
FNDA:5,(anonymous_2)
DA:1,1
DA:2,1
DA:4,1
DA:5,3
DA:7,5
DA:11,1
DA:20,1
DA:32,1
DA:38,1
LF:9
LH:9
BRF:0
BRH:0
end_of_record
TN:
SF:src/utils/ApiError.ts
FN:4,(anonymous_0)
FNF:1
FNH:1
FNDA:1,(anonymous_0)
DA:1,1
DA:5,1
DA:6,1
LF:3
LH:3
BRF:0
BRH:0
end_of_record
TN:
SF:src/utils/asyncHandler.ts
FN:4,(anonymous_0)
FN:5,(anonymous_1)
FNF:2
FNH:2
FNDA:5,(anonymous_0)
FNDA:7,(anonymous_1)
DA:3,1
DA:4,1
DA:5,5
DA:6,7
LF:4
LH:4
BRF:0
BRH:0
end_of_record
